<?xml version="1.0" encoding="utf-8"?>
<TestRun id="662e6fdc-dba4-4092-9ada-d0c1c63b51b7" name="@runnervm0kj6c 2026-03-08 12:45:08" xmlns="http://microsoft.com/schemas/VisualStudio/TeamTest/2010">
  <Times creation="2026-03-08T12:45:08.6082225+00:00" queuing="2026-03-08T12:45:08.6082226+00:00" start="2026-03-08T12:45:04.8037347+00:00" finish="2026-03-08T12:45:08.9097709+00:00" />
  <TestSettings name="default" id="acab61ac-7b57-4707-80c4-266a0ba3539b">
    <Deployment runDeploymentRoot="_runnervm0kj6c_2026-03-08_12_45_08" />
  </TestSettings>
  <Results>
    <UnitTestResult executionId="d8a9134a-6789-4e79-b7fd-a02806d03785" testId="44d499f6-db42-7df6-1c07-7dd61e8b738d" testName="DeleteCommand: Execute 刪除，Undo 還原原位置" computerName="runnervm0kj6c" duration="00:00:00.0157809" startTime="2026-03-08T12:45:08.5527641+00:00" endTime="2026-03-08T12:45:08.5527642+00:00" testType="13cdc9d9-ddb5-4fa4-a97d-d965ccfc6d4b" outcome="Passed" testListId="8c84fa94-04c1-424b-9868-57a2d4851a1d" relativeResultsDirectory="d8a9134a-6789-4e79-b7fd-a02806d03785">
      <Output>
        <StdOut>=== 刪除前結構 ===
1. a.txt | 1KB
2. b.txt | 2KB
=== 刪除後結構 ===
1. b.txt | 2KB
=== Undo 還原後結構 ===
1. a.txt | 1KB
2. b.txt | 2KB</StdOut>
      </Output>
    </UnitTestResult>
    <UnitTestResult executionId="1a553b73-6a4d-46a8-b4a1-2413b82b587a" testId="10fa1976-85f7-473d-e3c1-70bc09f4aacd" testName="SortCommand: 各排序條件與方向都應正確，且 Undo 可還原(key: Size, asc: False, expectedOrder: [&quot;b.txt&quot;, &quot;c.png&quot;, &quot;a.docx&quot;])" computerName="runnervm0kj6c" duration="00:00:00.0154622" startTime="2026-03-08T12:45:08.5624794+00:00" endTime="2026-03-08T12:45:08.5624795+00:00" testType="13cdc9d9-ddb5-4fa4-a97d-d965ccfc6d4b" outcome="Passed" testListId="8c84fa94-04c1-424b-9868-57a2d4851a1d" relativeResultsDirectory="1a553b73-6a4d-46a8-b4a1-2413b82b587a">
      <Output>
        <StdOut>=== 原始排序 [Size, DESC] ===
1. b.txt | 20KB
2. a.docx | 10KB
3. c.png | 15KB
=== 排序後 [Size, DESC] ===
1. b.txt | 20KB
2. c.png | 15KB
3. a.docx | 10KB
=== Undo 後 ===
1. b.txt | 20KB
2. a.docx | 10KB
3. c.png | 15KB</StdOut>
      </Output>
    </UnitTestResult>
    <UnitTestResult executionId="d6ad7ace-b0aa-4d62-955b-ad28dd1d78fc" testId="34e775c0-e3a1-dfd3-eaf7-d021cdbdd331" testName="TagToggleCommand: Execute + Undo 應可切換並還原標籤" computerName="runnervm0kj6c" duration="00:00:00.0044450" startTime="2026-03-08T12:45:08.5549737+00:00" endTime="2026-03-08T12:45:08.5549738+00:00" testType="13cdc9d9-ddb5-4fa4-a97d-d965ccfc6d4b" outcome="Passed" testListId="8c84fa94-04c1-424b-9868-57a2d4851a1d" relativeResultsDirectory="d6ad7ace-b0aa-4d62-955b-ad28dd1d78fc">
      <Output>
        <StdOut>=== Case 1: 原本無 Tag，Execute 後應新增，Undo 後應移除 ===
Before: []
After Execute: [Urgent]
After Undo: []
=== Case 2: 原本有 Tag，Execute 後應移除，Undo 後應還原 ===
Before: [Work]
After Execute: []
After Undo: [Work]</StdOut>
      </Output>
    </UnitTestResult>
    <UnitTestResult executionId="041a26ea-d862-4647-8f7e-c5ecba24bfb5" testId="525d7db0-126c-31c7-17c6-e536a1e55a73" testName="SortCommand: 各排序條件與方向都應正確，且 Undo 可還原(key: Name, asc: False, expectedOrder: [&quot;c.png&quot;, &quot;b.txt&quot;, &quot;a.docx&quot;])" computerName="runnervm0kj6c" duration="00:00:00.0001463" startTime="2026-03-08T12:45:08.5875219+00:00" endTime="2026-03-08T12:45:08.5875220+00:00" testType="13cdc9d9-ddb5-4fa4-a97d-d965ccfc6d4b" outcome="Passed" testListId="8c84fa94-04c1-424b-9868-57a2d4851a1d" relativeResultsDirectory="041a26ea-d862-4647-8f7e-c5ecba24bfb5">
      <Output>
        <StdOut>=== 原始排序 [Name, DESC] ===
1. b.txt | 20KB
2. a.docx | 10KB
3. c.png | 15KB
=== 排序後 [Name, DESC] ===
1. c.png | 15KB
2. b.txt | 20KB
3. a.docx | 10KB
=== Undo 後 ===
1. b.txt | 20KB
2. a.docx | 10KB
3. c.png | 15KB</StdOut>
      </Output>
    </UnitTestResult>
    <UnitTestResult executionId="b1bed6f1-a3a8-406a-9b7d-05ca18fc76de" testId="9b07c2c2-ac51-af37-9324-2fc413a1ec7c" testName="SizeCalculator: Root/Sub 結構總容量應為 121.5KB" computerName="runnervm0kj6c" duration="00:00:00.0028168" startTime="2026-03-08T12:45:08.5547008+00:00" endTime="2026-03-08T12:45:08.5547009+00:00" testType="13cdc9d9-ddb5-4fa4-a97d-d965ccfc6d4b" outcome="Passed" testListId="8c84fa94-04c1-424b-9868-57a2d4851a1d" relativeResultsDirectory="b1bed6f1-a3a8-406a-9b7d-05ca18fc76de">
      <Output>
        <StdOut>=== 所有文件與大小 ===
Root/a.docx | 100KB
Root/b.txt | 1.5KB
Root/Sub/c.png | 20KB
=== Traversal Logs (SizeCalculator) ===
Visiting: Root
Visiting: Root -&gt; a.docx
Visiting: Root -&gt; b.txt
Visiting: Root -&gt; Sub
Visiting: Root -&gt; Sub -&gt; c.png
總容量(Actual): 121.5KB</StdOut>
      </Output>
    </UnitTestResult>
    <UnitTestResult executionId="1c4b252e-619e-4623-9b00-5e53918a7106" testId="ca664d6a-a82c-3498-3748-ba315d33c736" testName="Copy/Paste: 深拷貝後修改副本不影響原物件，且可貼上到目標資料夾" computerName="runnervm0kj6c" duration="00:00:00.0138541" startTime="2026-03-08T12:45:08.5429331+00:00" endTime="2026-03-08T12:45:08.5429768+00:00" testType="13cdc9d9-ddb5-4fa4-a97d-d965ccfc6d4b" outcome="Passed" testListId="8c84fa94-04c1-424b-9868-57a2d4851a1d" relativeResultsDirectory="1c4b252e-619e-4623-9b00-5e53918a7106">
      <Output>
        <StdOut>=== 原始 Source ===
[Source]
- File: a.txt (1KB)
=== 貼上前 Target ===
[Target]
=== 貼上後 Target ===
[Target]
- Folder: Source (Children=1)
=== 修改貼上副本後 Source ===
[Source]
- File: a.txt (1KB)</StdOut>
      </Output>
    </UnitTestResult>
    <UnitTestResult executionId="b88a0a85-4533-4dcc-8b86-81608e0f583e" testId="db1b93af-bb5a-786d-0f01-1b56eac768ff" testName="SortCommand: 各排序條件與方向都應正確，且 Undo 可還原(key: Name, asc: True, expectedOrder: [&quot;a.docx&quot;, &quot;b.txt&quot;, &quot;c.png&quot;])" computerName="runnervm0kj6c" duration="00:00:00.0001607" startTime="2026-03-08T12:45:08.5869695+00:00" endTime="2026-03-08T12:45:08.5869696+00:00" testType="13cdc9d9-ddb5-4fa4-a97d-d965ccfc6d4b" outcome="Passed" testListId="8c84fa94-04c1-424b-9868-57a2d4851a1d" relativeResultsDirectory="b88a0a85-4533-4dcc-8b86-81608e0f583e">
      <Output>
        <StdOut>=== 原始排序 [Name, ASC] ===
1. b.txt | 20KB
2. a.docx | 10KB
3. c.png | 15KB
=== 排序後 [Name, ASC] ===
1. a.docx | 10KB
2. b.txt | 20KB
3. c.png | 15KB
=== Undo 後 ===
1. b.txt | 20KB
2. a.docx | 10KB
3. c.png | 15KB</StdOut>
      </Output>
    </UnitTestResult>
    <UnitTestResult executionId="37c66b56-3192-45f6-98b9-c8a5a01df26a" testId="4f511443-2d45-1216-3398-bf084c7894f9" testName="SortCommand: 各排序條件與方向都應正確，且 Undo 可還原(key: Extension, asc: True, expectedOrder: [&quot;a.docx&quot;, &quot;c.png&quot;, &quot;b.txt&quot;])" computerName="runnervm0kj6c" duration="00:00:00.0003645" startTime="2026-03-08T12:45:08.5635977+00:00" endTime="2026-03-08T12:45:08.5635978+00:00" testType="13cdc9d9-ddb5-4fa4-a97d-d965ccfc6d4b" outcome="Passed" testListId="8c84fa94-04c1-424b-9868-57a2d4851a1d" relativeResultsDirectory="37c66b56-3192-45f6-98b9-c8a5a01df26a">
      <Output>
        <StdOut>=== 原始排序 [Extension, ASC] ===
1. b.txt | 20KB
2. a.docx | 10KB
3. c.png | 15KB
=== 排序後 [Extension, ASC] ===
1. a.docx | 10KB
2. c.png | 15KB
3. b.txt | 20KB
=== Undo 後 ===
1. b.txt | 20KB
2. a.docx | 10KB
3. c.png | 15KB</StdOut>
      </Output>
    </UnitTestResult>
    <UnitTestResult executionId="794ee86f-887b-4268-8b93-3a0e93e0ae9c" testId="49861855-1e14-aa94-cd07-92ff4314b753" testName="Redo: 撤銷後重做應重新套用上一個命令" computerName="runnervm0kj6c" duration="00:00:00.0011294" startTime="2026-03-08T12:45:08.5883288+00:00" endTime="2026-03-08T12:45:08.5883288+00:00" testType="13cdc9d9-ddb5-4fa4-a97d-d965ccfc6d4b" outcome="Passed" testListId="8c84fa94-04c1-424b-9868-57a2d4851a1d" relativeResultsDirectory="794ee86f-887b-4268-8b93-3a0e93e0ae9c">
      <Output>
        <StdOut>=== 初始 ===
1. a.txt | 1KB
=== Execute(Add) 後 ===
1. a.txt | 1KB
2. b.txt | 2KB
=== Undo 後 ===
1. a.txt | 1KB
=== Redo 後 ===
1. a.txt | 1KB
2. b.txt | 2KB</StdOut>
      </Output>
    </UnitTestResult>
    <UnitTestResult executionId="215baf09-130a-4c8c-a80d-2268bbc46f9c" testId="dad94f22-a745-039e-5a8f-b20f65639e25" testName="FileSearcher: 搜尋 .docx 應找到 2 筆且保留遍歷順序" computerName="runnervm0kj6c" duration="00:00:00.0157658" startTime="2026-03-08T12:45:08.5534271+00:00" endTime="2026-03-08T12:45:08.5534272+00:00" testType="13cdc9d9-ddb5-4fa4-a97d-d965ccfc6d4b" outcome="Passed" testListId="8c84fa94-04c1-424b-9868-57a2d4851a1d" relativeResultsDirectory="215baf09-130a-4c8c-a80d-2268bbc46f9c">
      <Output>
        <StdOut>=== 搜尋前所有文件 ===
Root/Spec.DOCX | 10KB
Root/Note.docx | 20KB
Root/Readme.txt | 1KB
=== Traversal Logs (FileSearcher) ===
Visiting: Root
Visiting: Root -&gt; Spec.DOCX
[符合] Root/Spec.DOCX
Visiting: Root -&gt; Note.docx
[符合] Root/Note.docx
Visiting: Root -&gt; Readme.txt
=== 搜尋結果 ===
Root/Spec.DOCX
Root/Note.docx</StdOut>
      </Output>
    </UnitTestResult>
    <UnitTestResult executionId="185a83df-d6d7-4558-bbcf-078cb4dbcb89" testId="8db53027-0c8c-38f4-d09e-e1905ea9d430" testName="XML匯出: 顯示資料夾結構與輸出XML" computerName="runnervm0kj6c" duration="00:00:00.0428743" startTime="2026-03-08T12:45:08.5885241+00:00" endTime="2026-03-08T12:45:08.5885242+00:00" testType="13cdc9d9-ddb5-4fa4-a97d-d965ccfc6d4b" outcome="Passed" testListId="8c84fa94-04c1-424b-9868-57a2d4851a1d" relativeResultsDirectory="185a83df-d6d7-4558-bbcf-078cb4dbcb89">
      <Output>
        <StdOut>=== 資料夾結構 ===
[Folder] 根目錄_Root
  [Folder] 專案文件_Project_Docs
    - [File] 需求規格書.docx (500KB)
    - [File] README.txt (1.2KB)
  - [File] 架構圖.png (2048KB)

=== 匯出 XML ===
&lt;根目錄_Root&gt;
  &lt;專案文件_Project_Docs&gt;
    &lt;需求規格書_docx&gt;頁數: 10, 大小: 500KB&lt;/需求規格書_docx&gt;
    &lt;README_txt&gt;編碼: UTF-8, 大小: 1KB&lt;/README_txt&gt;
  &lt;/專案文件_Project_Docs&gt;
  &lt;架構圖_png&gt;解析度: 1920x1080, 大小: 2MB&lt;/架構圖_png&gt;
&lt;/根目錄_Root&gt;</StdOut>
      </Output>
    </UnitTestResult>
    <UnitTestResult executionId="7f356bcb-59f5-461d-9355-904ec6245b55" testId="8192fb1d-0972-44f4-e907-82be49f66815" testName="SortCommand: 各排序條件與方向都應正確，且 Undo 可還原(key: Extension, asc: False, expectedOrder: [&quot;b.txt&quot;, &quot;c.png&quot;, &quot;a.docx&quot;])" computerName="runnervm0kj6c" duration="00:00:00.0001844" startTime="2026-03-08T12:45:08.5879135+00:00" endTime="2026-03-08T12:45:08.5879136+00:00" testType="13cdc9d9-ddb5-4fa4-a97d-d965ccfc6d4b" outcome="Passed" testListId="8c84fa94-04c1-424b-9868-57a2d4851a1d" relativeResultsDirectory="7f356bcb-59f5-461d-9355-904ec6245b55">
      <Output>
        <StdOut>=== 原始排序 [Extension, DESC] ===
1. b.txt | 20KB
2. a.docx | 10KB
3. c.png | 15KB
=== 排序後 [Extension, DESC] ===
1. b.txt | 20KB
2. c.png | 15KB
3. a.docx | 10KB
=== Undo 後 ===
1. b.txt | 20KB
2. a.docx | 10KB
3. c.png | 15KB</StdOut>
      </Output>
    </UnitTestResult>
    <UnitTestResult executionId="8edacbe1-126a-4506-abd9-78d8169c69a9" testId="bc6f98b5-80f5-ba59-7986-5516cb892959" testName="SortCommand: 各排序條件與方向都應正確，且 Undo 可還原(key: Size, asc: True, expectedOrder: [&quot;a.docx&quot;, &quot;c.png&quot;, &quot;b.txt&quot;])" computerName="runnervm0kj6c" duration="00:00:00.0006388" startTime="2026-03-08T12:45:08.5631718+00:00" endTime="2026-03-08T12:45:08.5631719+00:00" testType="13cdc9d9-ddb5-4fa4-a97d-d965ccfc6d4b" outcome="Passed" testListId="8c84fa94-04c1-424b-9868-57a2d4851a1d" relativeResultsDirectory="8edacbe1-126a-4506-abd9-78d8169c69a9">
      <Output>
        <StdOut>=== 原始排序 [Size, ASC] ===
1. b.txt | 20KB
2. a.docx | 10KB
3. c.png | 15KB
=== 排序後 [Size, ASC] ===
1. a.docx | 10KB
2. c.png | 15KB
3. b.txt | 20KB
=== Undo 後 ===
1. b.txt | 20KB
2. a.docx | 10KB
3. c.png | 15KB</StdOut>
      </Output>
    </UnitTestResult>
  </Results>
  <TestDefinitions>
    <UnitTest name="XML匯出: 顯示資料夾結構與輸出XML" storage="/home/runner/work/webassembly-app/webassembly-app/webassembly app.tests/bin/release/net8.0/webassembly.app.tests.dll" id="8db53027-0c8c-38f4-d09e-e1905ea9d430">
      <Execution id="185a83df-d6d7-4558-bbcf-078cb4dbcb89" />
      <TestMethod codeBase="/home/runner/work/WebAssembly-App/WebAssembly-App/WebAssembly App.Tests/bin/Release/net8.0/WebAssembly.App.Tests.dll" adapterTypeName="executor://xunit/VsTestRunner2/netcoreapp" className="WebAssembly_App.Tests.FileSystemXmlSerializerTests" name="SerializeCustom_SingleRootFolder_ShouldUseFolderNameAsRootElement" />
    </UnitTest>
    <UnitTest name="SortCommand: 各排序條件與方向都應正確，且 Undo 可還原(key: Name, asc: True, expectedOrder: [&quot;a.docx&quot;, &quot;b.txt&quot;, &quot;c.png&quot;])" storage="/home/runner/work/webassembly-app/webassembly-app/webassembly app.tests/bin/release/net8.0/webassembly.app.tests.dll" id="db1b93af-bb5a-786d-0f01-1b56eac768ff">
      <Execution id="b88a0a85-4533-4dcc-8b86-81608e0f583e" />
      <TestMethod codeBase="/home/runner/work/WebAssembly-App/WebAssembly-App/WebAssembly App.Tests/bin/Release/net8.0/WebAssembly.App.Tests.dll" adapterTypeName="executor://xunit/VsTestRunner2/netcoreapp" className="WebAssembly_App.Tests.CommandTests" name="SortCommand_ShouldSortAndUndo" />
    </UnitTest>
    <UnitTest name="SortCommand: 各排序條件與方向都應正確，且 Undo 可還原(key: Extension, asc: False, expectedOrder: [&quot;b.txt&quot;, &quot;c.png&quot;, &quot;a.docx&quot;])" storage="/home/runner/work/webassembly-app/webassembly-app/webassembly app.tests/bin/release/net8.0/webassembly.app.tests.dll" id="8192fb1d-0972-44f4-e907-82be49f66815">
      <Execution id="7f356bcb-59f5-461d-9355-904ec6245b55" />
      <TestMethod codeBase="/home/runner/work/WebAssembly-App/WebAssembly-App/WebAssembly App.Tests/bin/Release/net8.0/WebAssembly.App.Tests.dll" adapterTypeName="executor://xunit/VsTestRunner2/netcoreapp" className="WebAssembly_App.Tests.CommandTests" name="SortCommand_ShouldSortAndUndo" />
    </UnitTest>
    <UnitTest name="TagToggleCommand: Execute + Undo 應可切換並還原標籤" storage="/home/runner/work/webassembly-app/webassembly-app/webassembly app.tests/bin/release/net8.0/webassembly.app.tests.dll" id="34e775c0-e3a1-dfd3-eaf7-d021cdbdd331">
      <Execution id="d6ad7ace-b0aa-4d62-955b-ad28dd1d78fc" />
      <TestMethod codeBase="/home/runner/work/WebAssembly-App/WebAssembly-App/WebAssembly App.Tests/bin/Release/net8.0/WebAssembly.App.Tests.dll" adapterTypeName="executor://xunit/VsTestRunner2/netcoreapp" className="WebAssembly_App.Tests.CommandTests" name="TagToggleCommand_ExecuteAndUndo_ShouldWork" />
    </UnitTest>
    <UnitTest name="SortCommand: 各排序條件與方向都應正確，且 Undo 可還原(key: Size, asc: True, expectedOrder: [&quot;a.docx&quot;, &quot;c.png&quot;, &quot;b.txt&quot;])" storage="/home/runner/work/webassembly-app/webassembly-app/webassembly app.tests/bin/release/net8.0/webassembly.app.tests.dll" id="bc6f98b5-80f5-ba59-7986-5516cb892959">
      <Execution id="8edacbe1-126a-4506-abd9-78d8169c69a9" />
      <TestMethod codeBase="/home/runner/work/WebAssembly-App/WebAssembly-App/WebAssembly App.Tests/bin/Release/net8.0/WebAssembly.App.Tests.dll" adapterTypeName="executor://xunit/VsTestRunner2/netcoreapp" className="WebAssembly_App.Tests.CommandTests" name="SortCommand_ShouldSortAndUndo" />
    </UnitTest>
    <UnitTest name="SizeCalculator: Root/Sub 結構總容量應為 121.5KB" storage="/home/runner/work/webassembly-app/webassembly-app/webassembly app.tests/bin/release/net8.0/webassembly.app.tests.dll" id="9b07c2c2-ac51-af37-9324-2fc413a1ec7c">
      <Execution id="b1bed6f1-a3a8-406a-9b7d-05ca18fc76de" />
      <TestMethod codeBase="/home/runner/work/WebAssembly-App/WebAssembly-App/WebAssembly App.Tests/bin/Release/net8.0/WebAssembly.App.Tests.dll" adapterTypeName="executor://xunit/VsTestRunner2/netcoreapp" className="WebAssembly_App.Tests.VisitorsTests" name="SizeCalculator_ShouldSumAllFileSizes" />
    </UnitTest>
    <UnitTest name="DeleteCommand: Execute 刪除，Undo 還原原位置" storage="/home/runner/work/webassembly-app/webassembly-app/webassembly app.tests/bin/release/net8.0/webassembly.app.tests.dll" id="44d499f6-db42-7df6-1c07-7dd61e8b738d">
      <Execution id="d8a9134a-6789-4e79-b7fd-a02806d03785" />
      <TestMethod codeBase="/home/runner/work/WebAssembly-App/WebAssembly-App/WebAssembly App.Tests/bin/Release/net8.0/WebAssembly.App.Tests.dll" adapterTypeName="executor://xunit/VsTestRunner2/netcoreapp" className="WebAssembly_App.Tests.CommandTests" name="DeleteCommand_ShouldExecuteAndUndo" />
    </UnitTest>
    <UnitTest name="SortCommand: 各排序條件與方向都應正確，且 Undo 可還原(key: Extension, asc: True, expectedOrder: [&quot;a.docx&quot;, &quot;c.png&quot;, &quot;b.txt&quot;])" storage="/home/runner/work/webassembly-app/webassembly-app/webassembly app.tests/bin/release/net8.0/webassembly.app.tests.dll" id="4f511443-2d45-1216-3398-bf084c7894f9">
      <Execution id="37c66b56-3192-45f6-98b9-c8a5a01df26a" />
      <TestMethod codeBase="/home/runner/work/WebAssembly-App/WebAssembly-App/WebAssembly App.Tests/bin/Release/net8.0/WebAssembly.App.Tests.dll" adapterTypeName="executor://xunit/VsTestRunner2/netcoreapp" className="WebAssembly_App.Tests.CommandTests" name="SortCommand_ShouldSortAndUndo" />
    </UnitTest>
    <UnitTest name="SortCommand: 各排序條件與方向都應正確，且 Undo 可還原(key: Size, asc: False, expectedOrder: [&quot;b.txt&quot;, &quot;c.png&quot;, &quot;a.docx&quot;])" storage="/home/runner/work/webassembly-app/webassembly-app/webassembly app.tests/bin/release/net8.0/webassembly.app.tests.dll" id="10fa1976-85f7-473d-e3c1-70bc09f4aacd">
      <Execution id="1a553b73-6a4d-46a8-b4a1-2413b82b587a" />
      <TestMethod codeBase="/home/runner/work/WebAssembly-App/WebAssembly-App/WebAssembly App.Tests/bin/Release/net8.0/WebAssembly.App.Tests.dll" adapterTypeName="executor://xunit/VsTestRunner2/netcoreapp" className="WebAssembly_App.Tests.CommandTests" name="SortCommand_ShouldSortAndUndo" />
    </UnitTest>
    <UnitTest name="Copy/Paste: 深拷貝後修改副本不影響原物件，且可貼上到目標資料夾" storage="/home/runner/work/webassembly-app/webassembly-app/webassembly app.tests/bin/release/net8.0/webassembly.app.tests.dll" id="ca664d6a-a82c-3498-3748-ba315d33c736">
      <Execution id="1c4b252e-619e-4623-9b00-5e53918a7106" />
      <TestMethod codeBase="/home/runner/work/WebAssembly-App/WebAssembly-App/WebAssembly App.Tests/bin/Release/net8.0/WebAssembly.App.Tests.dll" adapterTypeName="executor://xunit/VsTestRunner2/netcoreapp" className="WebAssembly_App.Tests.CopyTests" name="Clone_AndPaste_ShouldBeDeepCopyAndIndependent" />
    </UnitTest>
    <UnitTest name="Redo: 撤銷後重做應重新套用上一個命令" storage="/home/runner/work/webassembly-app/webassembly-app/webassembly app.tests/bin/release/net8.0/webassembly.app.tests.dll" id="49861855-1e14-aa94-cd07-92ff4314b753">
      <Execution id="794ee86f-887b-4268-8b93-3a0e93e0ae9c" />
      <TestMethod codeBase="/home/runner/work/WebAssembly-App/WebAssembly-App/WebAssembly App.Tests/bin/Release/net8.0/WebAssembly.App.Tests.dll" adapterTypeName="executor://xunit/VsTestRunner2/netcoreapp" className="WebAssembly_App.Tests.CommandTests" name="Redo_ShouldReapplyLastUndoneCommand" />
    </UnitTest>
    <UnitTest name="FileSearcher: 搜尋 .docx 應找到 2 筆且保留遍歷順序" storage="/home/runner/work/webassembly-app/webassembly-app/webassembly app.tests/bin/release/net8.0/webassembly.app.tests.dll" id="dad94f22-a745-039e-5a8f-b20f65639e25">
      <Execution id="215baf09-130a-4c8c-a80d-2268bbc46f9c" />
      <TestMethod codeBase="/home/runner/work/WebAssembly-App/WebAssembly-App/WebAssembly App.Tests/bin/Release/net8.0/WebAssembly.App.Tests.dll" adapterTypeName="executor://xunit/VsTestRunner2/netcoreapp" className="WebAssembly_App.Tests.VisitorsTests" name="FileSearcher_ShouldFindCaseInsensitiveExtension" />
    </UnitTest>
    <UnitTest name="SortCommand: 各排序條件與方向都應正確，且 Undo 可還原(key: Name, asc: False, expectedOrder: [&quot;c.png&quot;, &quot;b.txt&quot;, &quot;a.docx&quot;])" storage="/home/runner/work/webassembly-app/webassembly-app/webassembly app.tests/bin/release/net8.0/webassembly.app.tests.dll" id="525d7db0-126c-31c7-17c6-e536a1e55a73">
      <Execution id="041a26ea-d862-4647-8f7e-c5ecba24bfb5" />
      <TestMethod codeBase="/home/runner/work/WebAssembly-App/WebAssembly-App/WebAssembly App.Tests/bin/Release/net8.0/WebAssembly.App.Tests.dll" adapterTypeName="executor://xunit/VsTestRunner2/netcoreapp" className="WebAssembly_App.Tests.CommandTests" name="SortCommand_ShouldSortAndUndo" />
    </UnitTest>
  </TestDefinitions>
  <TestEntries>
    <TestEntry testId="44d499f6-db42-7df6-1c07-7dd61e8b738d" executionId="d8a9134a-6789-4e79-b7fd-a02806d03785" testListId="8c84fa94-04c1-424b-9868-57a2d4851a1d" />
    <TestEntry testId="10fa1976-85f7-473d-e3c1-70bc09f4aacd" executionId="1a553b73-6a4d-46a8-b4a1-2413b82b587a" testListId="8c84fa94-04c1-424b-9868-57a2d4851a1d" />
    <TestEntry testId="34e775c0-e3a1-dfd3-eaf7-d021cdbdd331" executionId="d6ad7ace-b0aa-4d62-955b-ad28dd1d78fc" testListId="8c84fa94-04c1-424b-9868-57a2d4851a1d" />
    <TestEntry testId="525d7db0-126c-31c7-17c6-e536a1e55a73" executionId="041a26ea-d862-4647-8f7e-c5ecba24bfb5" testListId="8c84fa94-04c1-424b-9868-57a2d4851a1d" />
    <TestEntry testId="9b07c2c2-ac51-af37-9324-2fc413a1ec7c" executionId="b1bed6f1-a3a8-406a-9b7d-05ca18fc76de" testListId="8c84fa94-04c1-424b-9868-57a2d4851a1d" />
    <TestEntry testId="ca664d6a-a82c-3498-3748-ba315d33c736" executionId="1c4b252e-619e-4623-9b00-5e53918a7106" testListId="8c84fa94-04c1-424b-9868-57a2d4851a1d" />
    <TestEntry testId="db1b93af-bb5a-786d-0f01-1b56eac768ff" executionId="b88a0a85-4533-4dcc-8b86-81608e0f583e" testListId="8c84fa94-04c1-424b-9868-57a2d4851a1d" />
    <TestEntry testId="4f511443-2d45-1216-3398-bf084c7894f9" executionId="37c66b56-3192-45f6-98b9-c8a5a01df26a" testListId="8c84fa94-04c1-424b-9868-57a2d4851a1d" />
    <TestEntry testId="49861855-1e14-aa94-cd07-92ff4314b753" executionId="794ee86f-887b-4268-8b93-3a0e93e0ae9c" testListId="8c84fa94-04c1-424b-9868-57a2d4851a1d" />
    <TestEntry testId="dad94f22-a745-039e-5a8f-b20f65639e25" executionId="215baf09-130a-4c8c-a80d-2268bbc46f9c" testListId="8c84fa94-04c1-424b-9868-57a2d4851a1d" />
    <TestEntry testId="8db53027-0c8c-38f4-d09e-e1905ea9d430" executionId="185a83df-d6d7-4558-bbcf-078cb4dbcb89" testListId="8c84fa94-04c1-424b-9868-57a2d4851a1d" />
    <TestEntry testId="8192fb1d-0972-44f4-e907-82be49f66815" executionId="7f356bcb-59f5-461d-9355-904ec6245b55" testListId="8c84fa94-04c1-424b-9868-57a2d4851a1d" />
    <TestEntry testId="bc6f98b5-80f5-ba59-7986-5516cb892959" executionId="8edacbe1-126a-4506-abd9-78d8169c69a9" testListId="8c84fa94-04c1-424b-9868-57a2d4851a1d" />
  </TestEntries>
  <TestLists>
    <TestList name="Results Not in a List" id="8c84fa94-04c1-424b-9868-57a2d4851a1d" />
    <TestList name="All Loaded Results" id="19431567-8539-422a-85d7-44ee4e166bda" />
  </TestLists>
  <ResultSummary outcome="Completed">
    <Counters total="13" executed="13" passed="13" failed="0" error="0" timeout="0" aborted="0" inconclusive="0" passedButRunAborted="0" notRunnable="0" notExecuted="0" disconnected="0" warning="0" completed="0" inProgress="0" pending="0" />
    <Output>
      <StdOut>[xUnit.net 00:00:00.00] xUnit.net VSTest Adapter v2.8.2+699d445a1a (64-bit .NET 8.0.24)
[xUnit.net 00:00:00.19]   Discovering: WebAssembly.App.Tests
[xUnit.net 00:00:00.35]   Discovered:  WebAssembly.App.Tests
[xUnit.net 00:00:00.35]   Starting:    WebAssembly.App.Tests
[xUnit.net 00:00:00.47]   Finished:    WebAssembly.App.Tests
</StdOut>
    </Output>
    <CollectorDataEntries>
      <Collector agentName="runnervm0kj6c" uri="datacollector://microsoft/CoverletCodeCoverage/1.0" collectorDisplayName="XPlat code coverage">
        <UriAttachments>
          <UriAttachment>
            <A href="runnervm0kj6c/coverage.cobertura.xml"></A>
          </UriAttachment>
        </UriAttachments>
      </Collector>
    </CollectorDataEntries>
  </ResultSummary>
</TestRun>