<?xml version="1.0" encoding="utf-8"?>
<TestRun id="294e90c5-4444-4610-991e-4a91a9dd453a" name="@runnervm0kj6c 2026-03-08 09:38:12" xmlns="http://microsoft.com/schemas/VisualStudio/TeamTest/2010">
  <Times creation="2026-03-08T09:38:12.8830154+00:00" queuing="2026-03-08T09:38:12.8830155+00:00" start="2026-03-08T09:38:09.5053139+00:00" finish="2026-03-08T09:38:13.1698072+00:00" />
  <TestSettings name="default" id="e880c14c-718d-41dc-b734-2ecc45aadf9c">
    <Deployment runDeploymentRoot="_runnervm0kj6c_2026-03-08_09_38_12" />
  </TestSettings>
  <Results>
    <UnitTestResult executionId="7f673a57-51f1-4ad6-b609-f39eaad88af8" testId="dad94f22-a745-039e-5a8f-b20f65639e25" testName="FileSearcher: 搜尋 .docx 應找到 2 筆且保留遍歷順序" computerName="runnervm0kj6c" duration="00:00:00.0160787" startTime="2026-03-08T09:38:12.8237938+00:00" endTime="2026-03-08T09:38:12.8237940+00:00" testType="13cdc9d9-ddb5-4fa4-a97d-d965ccfc6d4b" outcome="Passed" testListId="8c84fa94-04c1-424b-9868-57a2d4851a1d" relativeResultsDirectory="7f673a57-51f1-4ad6-b609-f39eaad88af8">
      <Output>
        <StdOut>=== 搜尋前所有文件 ===
Root/Spec.DOCX | 10KB
Root/Note.docx | 20KB
Root/Readme.txt | 1KB
=== Traversal Logs (FileSearcher) ===
Visiting: Root
Visiting: Root -&gt; Spec.DOCX
[符合] Root/Spec.DOCX
Visiting: Root -&gt; Note.docx
[符合] Root/Note.docx
Visiting: Root -&gt; Readme.txt
=== 搜尋結果 ===
Root/Spec.DOCX
Root/Note.docx</StdOut>
      </Output>
    </UnitTestResult>
    <UnitTestResult executionId="9cf80856-d4d0-478b-87fb-2695060f423f" testId="34e775c0-e3a1-dfd3-eaf7-d021cdbdd331" testName="TagToggleCommand: Execute + Undo 應可切換並還原標籤" computerName="runnervm0kj6c" duration="00:00:00.0046104" startTime="2026-03-08T09:38:12.8273603+00:00" endTime="2026-03-08T09:38:12.8273605+00:00" testType="13cdc9d9-ddb5-4fa4-a97d-d965ccfc6d4b" outcome="Passed" testListId="8c84fa94-04c1-424b-9868-57a2d4851a1d" relativeResultsDirectory="9cf80856-d4d0-478b-87fb-2695060f423f">
      <Output>
        <StdOut>=== Case 1: 原本無 Tag，Execute 後應新增，Undo 後應移除 ===
Before: []
After Execute: [Urgent]
After Undo: []
=== Case 2: 原本有 Tag，Execute 後應移除，Undo 後應還原 ===
Before: [Work]
After Execute: []
After Undo: [Work]</StdOut>
      </Output>
    </UnitTestResult>
    <UnitTestResult executionId="652ab5ce-0478-43c3-86f7-d2c2741a0591" testId="44d499f6-db42-7df6-1c07-7dd61e8b738d" testName="DeleteCommand: Execute 刪除，Undo 還原原位置" computerName="runnervm0kj6c" duration="00:00:00.0161247" startTime="2026-03-08T09:38:12.8248898+00:00" endTime="2026-03-08T09:38:12.8248899+00:00" testType="13cdc9d9-ddb5-4fa4-a97d-d965ccfc6d4b" outcome="Passed" testListId="8c84fa94-04c1-424b-9868-57a2d4851a1d" relativeResultsDirectory="652ab5ce-0478-43c3-86f7-d2c2741a0591">
      <Output>
        <StdOut>=== 刪除前結構 ===
1. a.txt | 1KB
2. b.txt | 2KB
=== 刪除後結構 ===
1. b.txt | 2KB
=== Undo 還原後結構 ===
1. a.txt | 1KB
2. b.txt | 2KB</StdOut>
      </Output>
    </UnitTestResult>
    <UnitTestResult executionId="ac6cbe83-f33a-487d-a330-1c7e3088cec4" testId="db1b93af-bb5a-786d-0f01-1b56eac768ff" testName="SortCommand: 各排序條件與方向都應正確，且 Undo 可還原(key: Name, asc: True, expectedOrder: [&quot;a.docx&quot;, &quot;b.txt&quot;, &quot;c.png&quot;])" computerName="runnervm0kj6c" duration="00:00:00.0001761" startTime="2026-03-08T09:38:12.8604836+00:00" endTime="2026-03-08T09:38:12.8604839+00:00" testType="13cdc9d9-ddb5-4fa4-a97d-d965ccfc6d4b" outcome="Passed" testListId="8c84fa94-04c1-424b-9868-57a2d4851a1d" relativeResultsDirectory="ac6cbe83-f33a-487d-a330-1c7e3088cec4">
      <Output>
        <StdOut>=== 原始排序 [Name, ASC] ===
1. b.txt | 20KB
2. a.docx | 10KB
3. c.png | 15KB
=== 排序後 [Name, ASC] ===
1. a.docx | 10KB
2. b.txt | 20KB
3. c.png | 15KB
=== Undo 後 ===
1. b.txt | 20KB
2. a.docx | 10KB
3. c.png | 15KB</StdOut>
      </Output>
    </UnitTestResult>
    <UnitTestResult executionId="c08eae94-b143-435a-acc1-c14ad9df3e42" testId="bc6f98b5-80f5-ba59-7986-5516cb892959" testName="SortCommand: 各排序條件與方向都應正確，且 Undo 可還原(key: Size, asc: True, expectedOrder: [&quot;a.docx&quot;, &quot;c.png&quot;, &quot;b.txt&quot;])" computerName="runnervm0kj6c" duration="00:00:00.0006789" startTime="2026-03-08T09:38:12.8347042+00:00" endTime="2026-03-08T09:38:12.8347043+00:00" testType="13cdc9d9-ddb5-4fa4-a97d-d965ccfc6d4b" outcome="Passed" testListId="8c84fa94-04c1-424b-9868-57a2d4851a1d" relativeResultsDirectory="c08eae94-b143-435a-acc1-c14ad9df3e42">
      <Output>
        <StdOut>=== 原始排序 [Size, ASC] ===
1. b.txt | 20KB
2. a.docx | 10KB
3. c.png | 15KB
=== 排序後 [Size, ASC] ===
1. a.docx | 10KB
2. c.png | 15KB
3. b.txt | 20KB
=== Undo 後 ===
1. b.txt | 20KB
2. a.docx | 10KB
3. c.png | 15KB</StdOut>
      </Output>
    </UnitTestResult>
    <UnitTestResult executionId="b705f708-f18c-41cf-b07d-d917fedd5453" testId="ca664d6a-a82c-3498-3748-ba315d33c736" testName="Copy/Paste: 深拷貝後修改副本不影響原物件，且可貼上到目標資料夾" computerName="runnervm0kj6c" duration="00:00:00.0154260" startTime="2026-03-08T09:38:12.8127852+00:00" endTime="2026-03-08T09:38:12.8128157+00:00" testType="13cdc9d9-ddb5-4fa4-a97d-d965ccfc6d4b" outcome="Passed" testListId="8c84fa94-04c1-424b-9868-57a2d4851a1d" relativeResultsDirectory="b705f708-f18c-41cf-b07d-d917fedd5453">
      <Output>
        <StdOut>=== 原始 Source ===
[Source]
- File: a.txt (1KB)
=== 貼上前 Target ===
[Target]
=== 貼上後 Target ===
[Target]
- Folder: Source (Children=1)
=== 修改貼上副本後 Source ===
[Source]
- File: a.txt (1KB)</StdOut>
      </Output>
    </UnitTestResult>
    <UnitTestResult executionId="47a839f5-cde5-4c5e-a380-b9212c468b8b" testId="8db53027-0c8c-38f4-d09e-e1905ea9d430" testName="XML匯出: 顯示資料夾結構與輸出XML" computerName="runnervm0kj6c" duration="00:00:00.0379750" startTime="2026-03-08T09:38:12.8302815+00:00" endTime="2026-03-08T09:38:12.8302817+00:00" testType="13cdc9d9-ddb5-4fa4-a97d-d965ccfc6d4b" outcome="Passed" testListId="8c84fa94-04c1-424b-9868-57a2d4851a1d" relativeResultsDirectory="47a839f5-cde5-4c5e-a380-b9212c468b8b">
      <Output>
        <StdOut>=== 資料夾結構 ===
[Folder] 根目錄_Root
  [Folder] 專案文件_Project_Docs
    - [File] 需求規格書.docx (500KB)
    - [File] README.txt (1.2KB)
  - [File] 架構圖.png (2048KB)

=== 匯出 XML ===
&lt;根目錄_Root&gt;
  &lt;專案文件_Project_Docs&gt;
    &lt;需求規格書_docx&gt;頁數: 10, 大小: 500KB&lt;/需求規格書_docx&gt;
    &lt;README_txt&gt;編碼: UTF-8, 大小: 1KB&lt;/README_txt&gt;
  &lt;/專案文件_Project_Docs&gt;
  &lt;架構圖_png&gt;解析度: 1920x1080, 大小: 2MB&lt;/架構圖_png&gt;
&lt;/根目錄_Root&gt;</StdOut>
      </Output>
    </UnitTestResult>
    <UnitTestResult executionId="09dd7143-2d40-452d-a7dd-92566df0bc61" testId="8192fb1d-0972-44f4-e907-82be49f66815" testName="SortCommand: 各排序條件與方向都應正確，且 Undo 可還原(key: Extension, asc: False, expectedOrder: [&quot;b.txt&quot;, &quot;c.png&quot;, &quot;a.docx&quot;])" computerName="runnervm0kj6c" duration="00:00:00.0001667" startTime="2026-03-08T09:38:12.8614213+00:00" endTime="2026-03-08T09:38:12.8614214+00:00" testType="13cdc9d9-ddb5-4fa4-a97d-d965ccfc6d4b" outcome="Passed" testListId="8c84fa94-04c1-424b-9868-57a2d4851a1d" relativeResultsDirectory="09dd7143-2d40-452d-a7dd-92566df0bc61">
      <Output>
        <StdOut>=== 原始排序 [Extension, DESC] ===
1. b.txt | 20KB
2. a.docx | 10KB
3. c.png | 15KB
=== 排序後 [Extension, DESC] ===
1. b.txt | 20KB
2. c.png | 15KB
3. a.docx | 10KB
=== Undo 後 ===
1. b.txt | 20KB
2. a.docx | 10KB
3. c.png | 15KB</StdOut>
      </Output>
    </UnitTestResult>
    <UnitTestResult executionId="5ebad364-5038-44ed-a0ee-9f5138ec35da" testId="525d7db0-126c-31c7-17c6-e536a1e55a73" testName="SortCommand: 各排序條件與方向都應正確，且 Undo 可還原(key: Name, asc: False, expectedOrder: [&quot;c.png&quot;, &quot;b.txt&quot;, &quot;a.docx&quot;])" computerName="runnervm0kj6c" duration="00:00:00.0001568" startTime="2026-03-08T09:38:12.8609847+00:00" endTime="2026-03-08T09:38:12.8609848+00:00" testType="13cdc9d9-ddb5-4fa4-a97d-d965ccfc6d4b" outcome="Passed" testListId="8c84fa94-04c1-424b-9868-57a2d4851a1d" relativeResultsDirectory="5ebad364-5038-44ed-a0ee-9f5138ec35da">
      <Output>
        <StdOut>=== 原始排序 [Name, DESC] ===
1. b.txt | 20KB
2. a.docx | 10KB
3. c.png | 15KB
=== 排序後 [Name, DESC] ===
1. c.png | 15KB
2. b.txt | 20KB
3. a.docx | 10KB
=== Undo 後 ===
1. b.txt | 20KB
2. a.docx | 10KB
3. c.png | 15KB</StdOut>
      </Output>
    </UnitTestResult>
    <UnitTestResult executionId="b74ae61e-555b-49af-8232-952bf3b552e9" testId="9b07c2c2-ac51-af37-9324-2fc413a1ec7c" testName="SizeCalculator: Root/Sub 結構總容量應為 121.5KB" computerName="runnervm0kj6c" duration="00:00:00.0026085" startTime="2026-03-08T09:38:12.8269572+00:00" endTime="2026-03-08T09:38:12.8269573+00:00" testType="13cdc9d9-ddb5-4fa4-a97d-d965ccfc6d4b" outcome="Passed" testListId="8c84fa94-04c1-424b-9868-57a2d4851a1d" relativeResultsDirectory="b74ae61e-555b-49af-8232-952bf3b552e9">
      <Output>
        <StdOut>=== 所有文件與大小 ===
Root/a.docx | 100KB
Root/b.txt | 1.5KB
Root/Sub/c.png | 20KB
=== Traversal Logs (SizeCalculator) ===
Visiting: Root
Visiting: Root -&gt; a.docx
Visiting: Root -&gt; b.txt
Visiting: Root -&gt; Sub
Visiting: Root -&gt; Sub -&gt; c.png
總容量(Actual): 121.5KB</StdOut>
      </Output>
    </UnitTestResult>
    <UnitTestResult executionId="e3520b6f-23b5-4690-ba76-683037649c5d" testId="10fa1976-85f7-473d-e3c1-70bc09f4aacd" testName="SortCommand: 各排序條件與方向都應正確，且 Undo 可還原(key: Size, asc: False, expectedOrder: [&quot;b.txt&quot;, &quot;c.png&quot;, &quot;a.docx&quot;])" computerName="runnervm0kj6c" duration="00:00:00.0172615" startTime="2026-03-08T09:38:12.8339067+00:00" endTime="2026-03-08T09:38:12.8339069+00:00" testType="13cdc9d9-ddb5-4fa4-a97d-d965ccfc6d4b" outcome="Passed" testListId="8c84fa94-04c1-424b-9868-57a2d4851a1d" relativeResultsDirectory="e3520b6f-23b5-4690-ba76-683037649c5d">
      <Output>
        <StdOut>=== 原始排序 [Size, DESC] ===
1. b.txt | 20KB
2. a.docx | 10KB
3. c.png | 15KB
=== 排序後 [Size, DESC] ===
1. b.txt | 20KB
2. c.png | 15KB
3. a.docx | 10KB
=== Undo 後 ===
1. b.txt | 20KB
2. a.docx | 10KB
3. c.png | 15KB</StdOut>
      </Output>
    </UnitTestResult>
    <UnitTestResult executionId="9a7b1e6f-57cb-4280-b3e5-b98e607321c8" testId="49861855-1e14-aa94-cd07-92ff4314b753" testName="Redo: 撤銷後重做應重新套用上一個命令" computerName="runnervm0kj6c" duration="00:00:00.0011110" startTime="2026-03-08T09:38:12.8618555+00:00" endTime="2026-03-08T09:38:12.8618556+00:00" testType="13cdc9d9-ddb5-4fa4-a97d-d965ccfc6d4b" outcome="Passed" testListId="8c84fa94-04c1-424b-9868-57a2d4851a1d" relativeResultsDirectory="9a7b1e6f-57cb-4280-b3e5-b98e607321c8">
      <Output>
        <StdOut>=== 初始 ===
1. a.txt | 1KB
=== Execute(Add) 後 ===
1. a.txt | 1KB
2. b.txt | 2KB
=== Undo 後 ===
1. a.txt | 1KB
=== Redo 後 ===
1. a.txt | 1KB
2. b.txt | 2KB</StdOut>
      </Output>
    </UnitTestResult>
    <UnitTestResult executionId="e05d9aef-0797-4902-85f7-67c0e8760c13" testId="4f511443-2d45-1216-3398-bf084c7894f9" testName="SortCommand: 各排序條件與方向都應正確，且 Undo 可還原(key: Extension, asc: True, expectedOrder: [&quot;a.docx&quot;, &quot;c.png&quot;, &quot;b.txt&quot;])" computerName="runnervm0kj6c" duration="00:00:00.0004025" startTime="2026-03-08T09:38:12.8354078+00:00" endTime="2026-03-08T09:38:12.8354079+00:00" testType="13cdc9d9-ddb5-4fa4-a97d-d965ccfc6d4b" outcome="Passed" testListId="8c84fa94-04c1-424b-9868-57a2d4851a1d" relativeResultsDirectory="e05d9aef-0797-4902-85f7-67c0e8760c13">
      <Output>
        <StdOut>=== 原始排序 [Extension, ASC] ===
1. b.txt | 20KB
2. a.docx | 10KB
3. c.png | 15KB
=== 排序後 [Extension, ASC] ===
1. a.docx | 10KB
2. c.png | 15KB
3. b.txt | 20KB
=== Undo 後 ===
1. b.txt | 20KB
2. a.docx | 10KB
3. c.png | 15KB</StdOut>
      </Output>
    </UnitTestResult>
  </Results>
  <TestDefinitions>
    <UnitTest name="XML匯出: 顯示資料夾結構與輸出XML" storage="/home/runner/work/webassembly-app/webassembly-app/webassembly app.tests/bin/release/net8.0/webassembly.app.tests.dll" id="8db53027-0c8c-38f4-d09e-e1905ea9d430">
      <Execution id="47a839f5-cde5-4c5e-a380-b9212c468b8b" />
      <TestMethod codeBase="/home/runner/work/WebAssembly-App/WebAssembly-App/WebAssembly App.Tests/bin/Release/net8.0/WebAssembly.App.Tests.dll" adapterTypeName="executor://xunit/VsTestRunner2/netcoreapp" className="WebAssembly_App.Tests.FileSystemXmlSerializerTests" name="SerializeCustom_SingleRootFolder_ShouldUseFolderNameAsRootElement" />
    </UnitTest>
    <UnitTest name="SortCommand: 各排序條件與方向都應正確，且 Undo 可還原(key: Name, asc: True, expectedOrder: [&quot;a.docx&quot;, &quot;b.txt&quot;, &quot;c.png&quot;])" storage="/home/runner/work/webassembly-app/webassembly-app/webassembly app.tests/bin/release/net8.0/webassembly.app.tests.dll" id="db1b93af-bb5a-786d-0f01-1b56eac768ff">
      <Execution id="ac6cbe83-f33a-487d-a330-1c7e3088cec4" />
      <TestMethod codeBase="/home/runner/work/WebAssembly-App/WebAssembly-App/WebAssembly App.Tests/bin/Release/net8.0/WebAssembly.App.Tests.dll" adapterTypeName="executor://xunit/VsTestRunner2/netcoreapp" className="WebAssembly_App.Tests.CommandTests" name="SortCommand_ShouldSortAndUndo" />
    </UnitTest>
    <UnitTest name="SortCommand: 各排序條件與方向都應正確，且 Undo 可還原(key: Extension, asc: False, expectedOrder: [&quot;b.txt&quot;, &quot;c.png&quot;, &quot;a.docx&quot;])" storage="/home/runner/work/webassembly-app/webassembly-app/webassembly app.tests/bin/release/net8.0/webassembly.app.tests.dll" id="8192fb1d-0972-44f4-e907-82be49f66815">
      <Execution id="09dd7143-2d40-452d-a7dd-92566df0bc61" />
      <TestMethod codeBase="/home/runner/work/WebAssembly-App/WebAssembly-App/WebAssembly App.Tests/bin/Release/net8.0/WebAssembly.App.Tests.dll" adapterTypeName="executor://xunit/VsTestRunner2/netcoreapp" className="WebAssembly_App.Tests.CommandTests" name="SortCommand_ShouldSortAndUndo" />
    </UnitTest>
    <UnitTest name="TagToggleCommand: Execute + Undo 應可切換並還原標籤" storage="/home/runner/work/webassembly-app/webassembly-app/webassembly app.tests/bin/release/net8.0/webassembly.app.tests.dll" id="34e775c0-e3a1-dfd3-eaf7-d021cdbdd331">
      <Execution id="9cf80856-d4d0-478b-87fb-2695060f423f" />
      <TestMethod codeBase="/home/runner/work/WebAssembly-App/WebAssembly-App/WebAssembly App.Tests/bin/Release/net8.0/WebAssembly.App.Tests.dll" adapterTypeName="executor://xunit/VsTestRunner2/netcoreapp" className="WebAssembly_App.Tests.CommandTests" name="TagToggleCommand_ExecuteAndUndo_ShouldWork" />
    </UnitTest>
    <UnitTest name="SortCommand: 各排序條件與方向都應正確，且 Undo 可還原(key: Size, asc: True, expectedOrder: [&quot;a.docx&quot;, &quot;c.png&quot;, &quot;b.txt&quot;])" storage="/home/runner/work/webassembly-app/webassembly-app/webassembly app.tests/bin/release/net8.0/webassembly.app.tests.dll" id="bc6f98b5-80f5-ba59-7986-5516cb892959">
      <Execution id="c08eae94-b143-435a-acc1-c14ad9df3e42" />
      <TestMethod codeBase="/home/runner/work/WebAssembly-App/WebAssembly-App/WebAssembly App.Tests/bin/Release/net8.0/WebAssembly.App.Tests.dll" adapterTypeName="executor://xunit/VsTestRunner2/netcoreapp" className="WebAssembly_App.Tests.CommandTests" name="SortCommand_ShouldSortAndUndo" />
    </UnitTest>
    <UnitTest name="SizeCalculator: Root/Sub 結構總容量應為 121.5KB" storage="/home/runner/work/webassembly-app/webassembly-app/webassembly app.tests/bin/release/net8.0/webassembly.app.tests.dll" id="9b07c2c2-ac51-af37-9324-2fc413a1ec7c">
      <Execution id="b74ae61e-555b-49af-8232-952bf3b552e9" />
      <TestMethod codeBase="/home/runner/work/WebAssembly-App/WebAssembly-App/WebAssembly App.Tests/bin/Release/net8.0/WebAssembly.App.Tests.dll" adapterTypeName="executor://xunit/VsTestRunner2/netcoreapp" className="WebAssembly_App.Tests.VisitorsTests" name="SizeCalculator_ShouldSumAllFileSizes" />
    </UnitTest>
    <UnitTest name="DeleteCommand: Execute 刪除，Undo 還原原位置" storage="/home/runner/work/webassembly-app/webassembly-app/webassembly app.tests/bin/release/net8.0/webassembly.app.tests.dll" id="44d499f6-db42-7df6-1c07-7dd61e8b738d">
      <Execution id="652ab5ce-0478-43c3-86f7-d2c2741a0591" />
      <TestMethod codeBase="/home/runner/work/WebAssembly-App/WebAssembly-App/WebAssembly App.Tests/bin/Release/net8.0/WebAssembly.App.Tests.dll" adapterTypeName="executor://xunit/VsTestRunner2/netcoreapp" className="WebAssembly_App.Tests.CommandTests" name="DeleteCommand_ShouldExecuteAndUndo" />
    </UnitTest>
    <UnitTest name="SortCommand: 各排序條件與方向都應正確，且 Undo 可還原(key: Extension, asc: True, expectedOrder: [&quot;a.docx&quot;, &quot;c.png&quot;, &quot;b.txt&quot;])" storage="/home/runner/work/webassembly-app/webassembly-app/webassembly app.tests/bin/release/net8.0/webassembly.app.tests.dll" id="4f511443-2d45-1216-3398-bf084c7894f9">
      <Execution id="e05d9aef-0797-4902-85f7-67c0e8760c13" />
      <TestMethod codeBase="/home/runner/work/WebAssembly-App/WebAssembly-App/WebAssembly App.Tests/bin/Release/net8.0/WebAssembly.App.Tests.dll" adapterTypeName="executor://xunit/VsTestRunner2/netcoreapp" className="WebAssembly_App.Tests.CommandTests" name="SortCommand_ShouldSortAndUndo" />
    </UnitTest>
    <UnitTest name="SortCommand: 各排序條件與方向都應正確，且 Undo 可還原(key: Size, asc: False, expectedOrder: [&quot;b.txt&quot;, &quot;c.png&quot;, &quot;a.docx&quot;])" storage="/home/runner/work/webassembly-app/webassembly-app/webassembly app.tests/bin/release/net8.0/webassembly.app.tests.dll" id="10fa1976-85f7-473d-e3c1-70bc09f4aacd">
      <Execution id="e3520b6f-23b5-4690-ba76-683037649c5d" />
      <TestMethod codeBase="/home/runner/work/WebAssembly-App/WebAssembly-App/WebAssembly App.Tests/bin/Release/net8.0/WebAssembly.App.Tests.dll" adapterTypeName="executor://xunit/VsTestRunner2/netcoreapp" className="WebAssembly_App.Tests.CommandTests" name="SortCommand_ShouldSortAndUndo" />
    </UnitTest>
    <UnitTest name="Copy/Paste: 深拷貝後修改副本不影響原物件，且可貼上到目標資料夾" storage="/home/runner/work/webassembly-app/webassembly-app/webassembly app.tests/bin/release/net8.0/webassembly.app.tests.dll" id="ca664d6a-a82c-3498-3748-ba315d33c736">
      <Execution id="b705f708-f18c-41cf-b07d-d917fedd5453" />
      <TestMethod codeBase="/home/runner/work/WebAssembly-App/WebAssembly-App/WebAssembly App.Tests/bin/Release/net8.0/WebAssembly.App.Tests.dll" adapterTypeName="executor://xunit/VsTestRunner2/netcoreapp" className="WebAssembly_App.Tests.CopyTests" name="Clone_AndPaste_ShouldBeDeepCopyAndIndependent" />
    </UnitTest>
    <UnitTest name="Redo: 撤銷後重做應重新套用上一個命令" storage="/home/runner/work/webassembly-app/webassembly-app/webassembly app.tests/bin/release/net8.0/webassembly.app.tests.dll" id="49861855-1e14-aa94-cd07-92ff4314b753">
      <Execution id="9a7b1e6f-57cb-4280-b3e5-b98e607321c8" />
      <TestMethod codeBase="/home/runner/work/WebAssembly-App/WebAssembly-App/WebAssembly App.Tests/bin/Release/net8.0/WebAssembly.App.Tests.dll" adapterTypeName="executor://xunit/VsTestRunner2/netcoreapp" className="WebAssembly_App.Tests.CommandTests" name="Redo_ShouldReapplyLastUndoneCommand" />
    </UnitTest>
    <UnitTest name="FileSearcher: 搜尋 .docx 應找到 2 筆且保留遍歷順序" storage="/home/runner/work/webassembly-app/webassembly-app/webassembly app.tests/bin/release/net8.0/webassembly.app.tests.dll" id="dad94f22-a745-039e-5a8f-b20f65639e25">
      <Execution id="7f673a57-51f1-4ad6-b609-f39eaad88af8" />
      <TestMethod codeBase="/home/runner/work/WebAssembly-App/WebAssembly-App/WebAssembly App.Tests/bin/Release/net8.0/WebAssembly.App.Tests.dll" adapterTypeName="executor://xunit/VsTestRunner2/netcoreapp" className="WebAssembly_App.Tests.VisitorsTests" name="FileSearcher_ShouldFindCaseInsensitiveExtension" />
    </UnitTest>
    <UnitTest name="SortCommand: 各排序條件與方向都應正確，且 Undo 可還原(key: Name, asc: False, expectedOrder: [&quot;c.png&quot;, &quot;b.txt&quot;, &quot;a.docx&quot;])" storage="/home/runner/work/webassembly-app/webassembly-app/webassembly app.tests/bin/release/net8.0/webassembly.app.tests.dll" id="525d7db0-126c-31c7-17c6-e536a1e55a73">
      <Execution id="5ebad364-5038-44ed-a0ee-9f5138ec35da" />
      <TestMethod codeBase="/home/runner/work/WebAssembly-App/WebAssembly-App/WebAssembly App.Tests/bin/Release/net8.0/WebAssembly.App.Tests.dll" adapterTypeName="executor://xunit/VsTestRunner2/netcoreapp" className="WebAssembly_App.Tests.CommandTests" name="SortCommand_ShouldSortAndUndo" />
    </UnitTest>
  </TestDefinitions>
  <TestEntries>
    <TestEntry testId="dad94f22-a745-039e-5a8f-b20f65639e25" executionId="7f673a57-51f1-4ad6-b609-f39eaad88af8" testListId="8c84fa94-04c1-424b-9868-57a2d4851a1d" />
    <TestEntry testId="34e775c0-e3a1-dfd3-eaf7-d021cdbdd331" executionId="9cf80856-d4d0-478b-87fb-2695060f423f" testListId="8c84fa94-04c1-424b-9868-57a2d4851a1d" />
    <TestEntry testId="44d499f6-db42-7df6-1c07-7dd61e8b738d" executionId="652ab5ce-0478-43c3-86f7-d2c2741a0591" testListId="8c84fa94-04c1-424b-9868-57a2d4851a1d" />
    <TestEntry testId="db1b93af-bb5a-786d-0f01-1b56eac768ff" executionId="ac6cbe83-f33a-487d-a330-1c7e3088cec4" testListId="8c84fa94-04c1-424b-9868-57a2d4851a1d" />
    <TestEntry testId="bc6f98b5-80f5-ba59-7986-5516cb892959" executionId="c08eae94-b143-435a-acc1-c14ad9df3e42" testListId="8c84fa94-04c1-424b-9868-57a2d4851a1d" />
    <TestEntry testId="ca664d6a-a82c-3498-3748-ba315d33c736" executionId="b705f708-f18c-41cf-b07d-d917fedd5453" testListId="8c84fa94-04c1-424b-9868-57a2d4851a1d" />
    <TestEntry testId="8db53027-0c8c-38f4-d09e-e1905ea9d430" executionId="47a839f5-cde5-4c5e-a380-b9212c468b8b" testListId="8c84fa94-04c1-424b-9868-57a2d4851a1d" />
    <TestEntry testId="8192fb1d-0972-44f4-e907-82be49f66815" executionId="09dd7143-2d40-452d-a7dd-92566df0bc61" testListId="8c84fa94-04c1-424b-9868-57a2d4851a1d" />
    <TestEntry testId="525d7db0-126c-31c7-17c6-e536a1e55a73" executionId="5ebad364-5038-44ed-a0ee-9f5138ec35da" testListId="8c84fa94-04c1-424b-9868-57a2d4851a1d" />
    <TestEntry testId="9b07c2c2-ac51-af37-9324-2fc413a1ec7c" executionId="b74ae61e-555b-49af-8232-952bf3b552e9" testListId="8c84fa94-04c1-424b-9868-57a2d4851a1d" />
    <TestEntry testId="10fa1976-85f7-473d-e3c1-70bc09f4aacd" executionId="e3520b6f-23b5-4690-ba76-683037649c5d" testListId="8c84fa94-04c1-424b-9868-57a2d4851a1d" />
    <TestEntry testId="49861855-1e14-aa94-cd07-92ff4314b753" executionId="9a7b1e6f-57cb-4280-b3e5-b98e607321c8" testListId="8c84fa94-04c1-424b-9868-57a2d4851a1d" />
    <TestEntry testId="4f511443-2d45-1216-3398-bf084c7894f9" executionId="e05d9aef-0797-4902-85f7-67c0e8760c13" testListId="8c84fa94-04c1-424b-9868-57a2d4851a1d" />
  </TestEntries>
  <TestLists>
    <TestList name="Results Not in a List" id="8c84fa94-04c1-424b-9868-57a2d4851a1d" />
    <TestList name="All Loaded Results" id="19431567-8539-422a-85d7-44ee4e166bda" />
  </TestLists>
  <ResultSummary outcome="Completed">
    <Counters total="13" executed="13" passed="13" failed="0" error="0" timeout="0" aborted="0" inconclusive="0" passedButRunAborted="0" notRunnable="0" notExecuted="0" disconnected="0" warning="0" completed="0" inProgress="0" pending="0" />
    <Output>
      <StdOut>[xUnit.net 00:00:00.00] xUnit.net VSTest Adapter v2.8.2+699d445a1a (64-bit .NET 8.0.24)
[xUnit.net 00:00:00.17]   Discovering: WebAssembly.App.Tests
[xUnit.net 00:00:00.35]   Discovered:  WebAssembly.App.Tests
[xUnit.net 00:00:00.35]   Starting:    WebAssembly.App.Tests
[xUnit.net 00:00:00.47]   Finished:    WebAssembly.App.Tests
</StdOut>
    </Output>
    <CollectorDataEntries>
      <Collector agentName="runnervm0kj6c" uri="datacollector://microsoft/CoverletCodeCoverage/1.0" collectorDisplayName="XPlat code coverage">
        <UriAttachments>
          <UriAttachment>
            <A href="runnervm0kj6c/coverage.cobertura.xml"></A>
          </UriAttachment>
        </UriAttachments>
      </Collector>
    </CollectorDataEntries>
  </ResultSummary>
</TestRun>