<?xml version="1.0" encoding="utf-8"?>
<TestRun id="e1f9ac63-fa10-4a61-9830-cd95e3ad2b50" name="@runnervm0kj6c 2026-03-08 09:44:19" xmlns="http://microsoft.com/schemas/VisualStudio/TeamTest/2010">
  <Times creation="2026-03-08T09:44:19.6925153+00:00" queuing="2026-03-08T09:44:19.6925154+00:00" start="2026-03-08T09:44:16.3428069+00:00" finish="2026-03-08T09:44:20.0430178+00:00" />
  <TestSettings name="default" id="c51e62a8-40ee-4bd9-a7a7-a5d29d23a1c3">
    <Deployment runDeploymentRoot="_runnervm0kj6c_2026-03-08_09_44_19" />
  </TestSettings>
  <Results>
    <UnitTestResult executionId="e007daa4-c64f-48c5-b97a-93562b8506a4" testId="ca664d6a-a82c-3498-3748-ba315d33c736" testName="Copy/Paste: 深拷貝後修改副本不影響原物件，且可貼上到目標資料夾" computerName="runnervm0kj6c" duration="00:00:00.0137150" startTime="2026-03-08T09:44:19.6186064+00:00" endTime="2026-03-08T09:44:19.6186472+00:00" testType="13cdc9d9-ddb5-4fa4-a97d-d965ccfc6d4b" outcome="Passed" testListId="8c84fa94-04c1-424b-9868-57a2d4851a1d" relativeResultsDirectory="e007daa4-c64f-48c5-b97a-93562b8506a4">
      <Output>
        <StdOut>=== 原始 Source ===
[Source]
- File: a.txt (1KB)
=== 貼上前 Target ===
[Target]
=== 貼上後 Target ===
[Target]
- Folder: Source (Children=1)
=== 修改貼上副本後 Source ===
[Source]
- File: a.txt (1KB)</StdOut>
      </Output>
    </UnitTestResult>
    <UnitTestResult executionId="206e1fba-8473-4e61-9d87-b54fc9188faa" testId="4f511443-2d45-1216-3398-bf084c7894f9" testName="SortCommand: 各排序條件與方向都應正確，且 Undo 可還原(key: Extension, asc: True, expectedOrder: [&quot;a.docx&quot;, &quot;c.png&quot;, &quot;b.txt&quot;])" computerName="runnervm0kj6c" duration="00:00:00.0004014" startTime="2026-03-08T09:44:19.6380919+00:00" endTime="2026-03-08T09:44:19.6380920+00:00" testType="13cdc9d9-ddb5-4fa4-a97d-d965ccfc6d4b" outcome="Passed" testListId="8c84fa94-04c1-424b-9868-57a2d4851a1d" relativeResultsDirectory="206e1fba-8473-4e61-9d87-b54fc9188faa">
      <Output>
        <StdOut>=== 原始排序 [Extension, ASC] ===
1. b.txt | 20KB
2. a.docx | 10KB
3. c.png | 15KB
=== 排序後 [Extension, ASC] ===
1. a.docx | 10KB
2. c.png | 15KB
3. b.txt | 20KB
=== Undo 後 ===
1. b.txt | 20KB
2. a.docx | 10KB
3. c.png | 15KB</StdOut>
      </Output>
    </UnitTestResult>
    <UnitTestResult executionId="b248ced4-4142-4e5c-b507-6a82ef005a6d" testId="34e775c0-e3a1-dfd3-eaf7-d021cdbdd331" testName="TagToggleCommand: Execute + Undo 應可切換並還原標籤" computerName="runnervm0kj6c" duration="00:00:00.0048472" startTime="2026-03-08T09:44:19.6311677+00:00" endTime="2026-03-08T09:44:19.6311677+00:00" testType="13cdc9d9-ddb5-4fa4-a97d-d965ccfc6d4b" outcome="Passed" testListId="8c84fa94-04c1-424b-9868-57a2d4851a1d" relativeResultsDirectory="b248ced4-4142-4e5c-b507-6a82ef005a6d">
      <Output>
        <StdOut>=== Case 1: 原本無 Tag，Execute 後應新增，Undo 後應移除 ===
Before: []
After Execute: [Urgent]
After Undo: []
=== Case 2: 原本有 Tag，Execute 後應移除，Undo 後應還原 ===
Before: [Work]
After Execute: []
After Undo: [Work]</StdOut>
      </Output>
    </UnitTestResult>
    <UnitTestResult executionId="2ff022a9-7dec-4115-8efc-545ac82d4da2" testId="49861855-1e14-aa94-cd07-92ff4314b753" testName="Redo: 撤銷後重做應重新套用上一個命令" computerName="runnervm0kj6c" duration="00:00:00.0013122" startTime="2026-03-08T09:44:19.6666813+00:00" endTime="2026-03-08T09:44:19.6666814+00:00" testType="13cdc9d9-ddb5-4fa4-a97d-d965ccfc6d4b" outcome="Passed" testListId="8c84fa94-04c1-424b-9868-57a2d4851a1d" relativeResultsDirectory="2ff022a9-7dec-4115-8efc-545ac82d4da2">
      <Output>
        <StdOut>=== 初始 ===
1. a.txt | 1KB
=== Execute(Add) 後 ===
1. a.txt | 1KB
2. b.txt | 2KB
=== Undo 後 ===
1. a.txt | 1KB
=== Redo 後 ===
1. a.txt | 1KB
2. b.txt | 2KB</StdOut>
      </Output>
    </UnitTestResult>
    <UnitTestResult executionId="b8afd73c-4a0b-4480-a3cf-de2dd2857a96" testId="8db53027-0c8c-38f4-d09e-e1905ea9d430" testName="XML匯出: 顯示資料夾結構與輸出XML" computerName="runnervm0kj6c" duration="00:00:00.0506396" startTime="2026-03-08T09:44:19.6668815+00:00" endTime="2026-03-08T09:44:19.6668815+00:00" testType="13cdc9d9-ddb5-4fa4-a97d-d965ccfc6d4b" outcome="Passed" testListId="8c84fa94-04c1-424b-9868-57a2d4851a1d" relativeResultsDirectory="b8afd73c-4a0b-4480-a3cf-de2dd2857a96">
      <Output>
        <StdOut>=== 資料夾結構 ===
[Folder] 根目錄_Root
  [Folder] 專案文件_Project_Docs
    - [File] 需求規格書.docx (500KB)
    - [File] README.txt (1.2KB)
  - [File] 架構圖.png (2048KB)

=== 匯出 XML ===
&lt;根目錄_Root&gt;
  &lt;專案文件_Project_Docs&gt;
    &lt;需求規格書_docx&gt;頁數: 10, 大小: 500KB&lt;/需求規格書_docx&gt;
    &lt;README_txt&gt;編碼: UTF-8, 大小: 1KB&lt;/README_txt&gt;
  &lt;/專案文件_Project_Docs&gt;
  &lt;架構圖_png&gt;解析度: 1920x1080, 大小: 2MB&lt;/架構圖_png&gt;
&lt;/根目錄_Root&gt;</StdOut>
      </Output>
    </UnitTestResult>
    <UnitTestResult executionId="101ac160-9c40-42f5-af83-2ba923c740f5" testId="db1b93af-bb5a-786d-0f01-1b56eac768ff" testName="SortCommand: 各排序條件與方向都應正確，且 Undo 可還原(key: Name, asc: True, expectedOrder: [&quot;a.docx&quot;, &quot;b.txt&quot;, &quot;c.png&quot;])" computerName="runnervm0kj6c" duration="00:00:00.0002138" startTime="2026-03-08T09:44:19.6652755+00:00" endTime="2026-03-08T09:44:19.6652755+00:00" testType="13cdc9d9-ddb5-4fa4-a97d-d965ccfc6d4b" outcome="Passed" testListId="8c84fa94-04c1-424b-9868-57a2d4851a1d" relativeResultsDirectory="101ac160-9c40-42f5-af83-2ba923c740f5">
      <Output>
        <StdOut>=== 原始排序 [Name, ASC] ===
1. b.txt | 20KB
2. a.docx | 10KB
3. c.png | 15KB
=== 排序後 [Name, ASC] ===
1. a.docx | 10KB
2. b.txt | 20KB
3. c.png | 15KB
=== Undo 後 ===
1. b.txt | 20KB
2. a.docx | 10KB
3. c.png | 15KB</StdOut>
      </Output>
    </UnitTestResult>
    <UnitTestResult executionId="df4480d4-66e7-4cb0-ac84-6979e2b6ddd1" testId="bc6f98b5-80f5-ba59-7986-5516cb892959" testName="SortCommand: 各排序條件與方向都應正確，且 Undo 可還原(key: Size, asc: True, expectedOrder: [&quot;a.docx&quot;, &quot;c.png&quot;, &quot;b.txt&quot;])" computerName="runnervm0kj6c" duration="00:00:00.0006228" startTime="2026-03-08T09:44:19.6375145+00:00" endTime="2026-03-08T09:44:19.6375146+00:00" testType="13cdc9d9-ddb5-4fa4-a97d-d965ccfc6d4b" outcome="Passed" testListId="8c84fa94-04c1-424b-9868-57a2d4851a1d" relativeResultsDirectory="df4480d4-66e7-4cb0-ac84-6979e2b6ddd1">
      <Output>
        <StdOut>=== 原始排序 [Size, ASC] ===
1. b.txt | 20KB
2. a.docx | 10KB
3. c.png | 15KB
=== 排序後 [Size, ASC] ===
1. a.docx | 10KB
2. c.png | 15KB
3. b.txt | 20KB
=== Undo 後 ===
1. b.txt | 20KB
2. a.docx | 10KB
3. c.png | 15KB</StdOut>
      </Output>
    </UnitTestResult>
    <UnitTestResult executionId="c729edcd-3f3d-4733-9adc-bf000901ddb4" testId="44d499f6-db42-7df6-1c07-7dd61e8b738d" testName="DeleteCommand: Execute 刪除，Undo 還原原位置" computerName="runnervm0kj6c" duration="00:00:00.0154304" startTime="2026-03-08T09:44:19.6294324+00:00" endTime="2026-03-08T09:44:19.6294325+00:00" testType="13cdc9d9-ddb5-4fa4-a97d-d965ccfc6d4b" outcome="Passed" testListId="8c84fa94-04c1-424b-9868-57a2d4851a1d" relativeResultsDirectory="c729edcd-3f3d-4733-9adc-bf000901ddb4">
      <Output>
        <StdOut>=== 刪除前結構 ===
1. a.txt | 1KB
2. b.txt | 2KB
=== 刪除後結構 ===
1. b.txt | 2KB
=== Undo 還原後結構 ===
1. a.txt | 1KB
2. b.txt | 2KB</StdOut>
      </Output>
    </UnitTestResult>
    <UnitTestResult executionId="5847eb23-7c71-4537-a090-8142a8f309d7" testId="dad94f22-a745-039e-5a8f-b20f65639e25" testName="FileSearcher: 搜尋 .docx 應找到 2 筆且保留遍歷順序" computerName="runnervm0kj6c" duration="00:00:00.0154184" startTime="2026-03-08T09:44:19.6287114+00:00" endTime="2026-03-08T09:44:19.6287115+00:00" testType="13cdc9d9-ddb5-4fa4-a97d-d965ccfc6d4b" outcome="Passed" testListId="8c84fa94-04c1-424b-9868-57a2d4851a1d" relativeResultsDirectory="5847eb23-7c71-4537-a090-8142a8f309d7">
      <Output>
        <StdOut>=== 搜尋前所有文件 ===
Root/Spec.DOCX | 10KB
Root/Note.docx | 20KB
Root/Readme.txt | 1KB
=== Traversal Logs (FileSearcher) ===
Visiting: Root
Visiting: Root -&gt; Spec.DOCX
[符合] Root/Spec.DOCX
Visiting: Root -&gt; Note.docx
[符合] Root/Note.docx
Visiting: Root -&gt; Readme.txt
=== 搜尋結果 ===
Root/Spec.DOCX
Root/Note.docx</StdOut>
      </Output>
    </UnitTestResult>
    <UnitTestResult executionId="d1860630-dd83-4306-ae50-8a56c70f4f62" testId="525d7db0-126c-31c7-17c6-e536a1e55a73" testName="SortCommand: 各排序條件與方向都應正確，且 Undo 可還原(key: Name, asc: False, expectedOrder: [&quot;c.png&quot;, &quot;b.txt&quot;, &quot;a.docx&quot;])" computerName="runnervm0kj6c" duration="00:00:00.0001796" startTime="2026-03-08T09:44:19.6658007+00:00" endTime="2026-03-08T09:44:19.6658008+00:00" testType="13cdc9d9-ddb5-4fa4-a97d-d965ccfc6d4b" outcome="Passed" testListId="8c84fa94-04c1-424b-9868-57a2d4851a1d" relativeResultsDirectory="d1860630-dd83-4306-ae50-8a56c70f4f62">
      <Output>
        <StdOut>=== 原始排序 [Name, DESC] ===
1. b.txt | 20KB
2. a.docx | 10KB
3. c.png | 15KB
=== 排序後 [Name, DESC] ===
1. c.png | 15KB
2. b.txt | 20KB
3. a.docx | 10KB
=== Undo 後 ===
1. b.txt | 20KB
2. a.docx | 10KB
3. c.png | 15KB</StdOut>
      </Output>
    </UnitTestResult>
    <UnitTestResult executionId="d880ce4f-21ee-4122-9b30-3202f0b80109" testId="10fa1976-85f7-473d-e3c1-70bc09f4aacd" testName="SortCommand: 各排序條件與方向都應正確，且 Undo 可還原(key: Size, asc: False, expectedOrder: [&quot;b.txt&quot;, &quot;c.png&quot;, &quot;a.docx&quot;])" computerName="runnervm0kj6c" duration="00:00:00.0133955" startTime="2026-03-08T09:44:19.6367780+00:00" endTime="2026-03-08T09:44:19.6367782+00:00" testType="13cdc9d9-ddb5-4fa4-a97d-d965ccfc6d4b" outcome="Passed" testListId="8c84fa94-04c1-424b-9868-57a2d4851a1d" relativeResultsDirectory="d880ce4f-21ee-4122-9b30-3202f0b80109">
      <Output>
        <StdOut>=== 原始排序 [Size, DESC] ===
1. b.txt | 20KB
2. a.docx | 10KB
3. c.png | 15KB
=== 排序後 [Size, DESC] ===
1. b.txt | 20KB
2. c.png | 15KB
3. a.docx | 10KB
=== Undo 後 ===
1. b.txt | 20KB
2. a.docx | 10KB
3. c.png | 15KB</StdOut>
      </Output>
    </UnitTestResult>
    <UnitTestResult executionId="213c5a2e-6253-423f-b180-0334e2a32814" testId="9b07c2c2-ac51-af37-9324-2fc413a1ec7c" testName="SizeCalculator: Root/Sub 結構總容量應為 121.5KB" computerName="runnervm0kj6c" duration="00:00:00.0026430" startTime="2026-03-08T09:44:19.6308562+00:00" endTime="2026-03-08T09:44:19.6308563+00:00" testType="13cdc9d9-ddb5-4fa4-a97d-d965ccfc6d4b" outcome="Passed" testListId="8c84fa94-04c1-424b-9868-57a2d4851a1d" relativeResultsDirectory="213c5a2e-6253-423f-b180-0334e2a32814">
      <Output>
        <StdOut>=== 所有文件與大小 ===
Root/a.docx | 100KB
Root/b.txt | 1.5KB
Root/Sub/c.png | 20KB
=== Traversal Logs (SizeCalculator) ===
Visiting: Root
Visiting: Root -&gt; a.docx
Visiting: Root -&gt; b.txt
Visiting: Root -&gt; Sub
Visiting: Root -&gt; Sub -&gt; c.png
總容量(Actual): 121.5KB</StdOut>
      </Output>
    </UnitTestResult>
    <UnitTestResult executionId="75a11512-698d-4a4a-a07d-b3eaab4c69e4" testId="8192fb1d-0972-44f4-e907-82be49f66815" testName="SortCommand: 各排序條件與方向都應正確，且 Undo 可還原(key: Extension, asc: False, expectedOrder: [&quot;b.txt&quot;, &quot;c.png&quot;, &quot;a.docx&quot;])" computerName="runnervm0kj6c" duration="00:00:00.0001849" startTime="2026-03-08T09:44:19.6662710+00:00" endTime="2026-03-08T09:44:19.6662710+00:00" testType="13cdc9d9-ddb5-4fa4-a97d-d965ccfc6d4b" outcome="Passed" testListId="8c84fa94-04c1-424b-9868-57a2d4851a1d" relativeResultsDirectory="75a11512-698d-4a4a-a07d-b3eaab4c69e4">
      <Output>
        <StdOut>=== 原始排序 [Extension, DESC] ===
1. b.txt | 20KB
2. a.docx | 10KB
3. c.png | 15KB
=== 排序後 [Extension, DESC] ===
1. b.txt | 20KB
2. c.png | 15KB
3. a.docx | 10KB
=== Undo 後 ===
1. b.txt | 20KB
2. a.docx | 10KB
3. c.png | 15KB</StdOut>
      </Output>
    </UnitTestResult>
  </Results>
  <TestDefinitions>
    <UnitTest name="XML匯出: 顯示資料夾結構與輸出XML" storage="/home/runner/work/webassembly-app/webassembly-app/webassembly app.tests/bin/release/net8.0/webassembly.app.tests.dll" id="8db53027-0c8c-38f4-d09e-e1905ea9d430">
      <Execution id="b8afd73c-4a0b-4480-a3cf-de2dd2857a96" />
      <TestMethod codeBase="/home/runner/work/WebAssembly-App/WebAssembly-App/WebAssembly App.Tests/bin/Release/net8.0/WebAssembly.App.Tests.dll" adapterTypeName="executor://xunit/VsTestRunner2/netcoreapp" className="WebAssembly_App.Tests.FileSystemXmlSerializerTests" name="SerializeCustom_SingleRootFolder_ShouldUseFolderNameAsRootElement" />
    </UnitTest>
    <UnitTest name="SortCommand: 各排序條件與方向都應正確，且 Undo 可還原(key: Name, asc: True, expectedOrder: [&quot;a.docx&quot;, &quot;b.txt&quot;, &quot;c.png&quot;])" storage="/home/runner/work/webassembly-app/webassembly-app/webassembly app.tests/bin/release/net8.0/webassembly.app.tests.dll" id="db1b93af-bb5a-786d-0f01-1b56eac768ff">
      <Execution id="101ac160-9c40-42f5-af83-2ba923c740f5" />
      <TestMethod codeBase="/home/runner/work/WebAssembly-App/WebAssembly-App/WebAssembly App.Tests/bin/Release/net8.0/WebAssembly.App.Tests.dll" adapterTypeName="executor://xunit/VsTestRunner2/netcoreapp" className="WebAssembly_App.Tests.CommandTests" name="SortCommand_ShouldSortAndUndo" />
    </UnitTest>
    <UnitTest name="SortCommand: 各排序條件與方向都應正確，且 Undo 可還原(key: Extension, asc: False, expectedOrder: [&quot;b.txt&quot;, &quot;c.png&quot;, &quot;a.docx&quot;])" storage="/home/runner/work/webassembly-app/webassembly-app/webassembly app.tests/bin/release/net8.0/webassembly.app.tests.dll" id="8192fb1d-0972-44f4-e907-82be49f66815">
      <Execution id="75a11512-698d-4a4a-a07d-b3eaab4c69e4" />
      <TestMethod codeBase="/home/runner/work/WebAssembly-App/WebAssembly-App/WebAssembly App.Tests/bin/Release/net8.0/WebAssembly.App.Tests.dll" adapterTypeName="executor://xunit/VsTestRunner2/netcoreapp" className="WebAssembly_App.Tests.CommandTests" name="SortCommand_ShouldSortAndUndo" />
    </UnitTest>
    <UnitTest name="TagToggleCommand: Execute + Undo 應可切換並還原標籤" storage="/home/runner/work/webassembly-app/webassembly-app/webassembly app.tests/bin/release/net8.0/webassembly.app.tests.dll" id="34e775c0-e3a1-dfd3-eaf7-d021cdbdd331">
      <Execution id="b248ced4-4142-4e5c-b507-6a82ef005a6d" />
      <TestMethod codeBase="/home/runner/work/WebAssembly-App/WebAssembly-App/WebAssembly App.Tests/bin/Release/net8.0/WebAssembly.App.Tests.dll" adapterTypeName="executor://xunit/VsTestRunner2/netcoreapp" className="WebAssembly_App.Tests.CommandTests" name="TagToggleCommand_ExecuteAndUndo_ShouldWork" />
    </UnitTest>
    <UnitTest name="SortCommand: 各排序條件與方向都應正確，且 Undo 可還原(key: Size, asc: True, expectedOrder: [&quot;a.docx&quot;, &quot;c.png&quot;, &quot;b.txt&quot;])" storage="/home/runner/work/webassembly-app/webassembly-app/webassembly app.tests/bin/release/net8.0/webassembly.app.tests.dll" id="bc6f98b5-80f5-ba59-7986-5516cb892959">
      <Execution id="df4480d4-66e7-4cb0-ac84-6979e2b6ddd1" />
      <TestMethod codeBase="/home/runner/work/WebAssembly-App/WebAssembly-App/WebAssembly App.Tests/bin/Release/net8.0/WebAssembly.App.Tests.dll" adapterTypeName="executor://xunit/VsTestRunner2/netcoreapp" className="WebAssembly_App.Tests.CommandTests" name="SortCommand_ShouldSortAndUndo" />
    </UnitTest>
    <UnitTest name="SizeCalculator: Root/Sub 結構總容量應為 121.5KB" storage="/home/runner/work/webassembly-app/webassembly-app/webassembly app.tests/bin/release/net8.0/webassembly.app.tests.dll" id="9b07c2c2-ac51-af37-9324-2fc413a1ec7c">
      <Execution id="213c5a2e-6253-423f-b180-0334e2a32814" />
      <TestMethod codeBase="/home/runner/work/WebAssembly-App/WebAssembly-App/WebAssembly App.Tests/bin/Release/net8.0/WebAssembly.App.Tests.dll" adapterTypeName="executor://xunit/VsTestRunner2/netcoreapp" className="WebAssembly_App.Tests.VisitorsTests" name="SizeCalculator_ShouldSumAllFileSizes" />
    </UnitTest>
    <UnitTest name="DeleteCommand: Execute 刪除，Undo 還原原位置" storage="/home/runner/work/webassembly-app/webassembly-app/webassembly app.tests/bin/release/net8.0/webassembly.app.tests.dll" id="44d499f6-db42-7df6-1c07-7dd61e8b738d">
      <Execution id="c729edcd-3f3d-4733-9adc-bf000901ddb4" />
      <TestMethod codeBase="/home/runner/work/WebAssembly-App/WebAssembly-App/WebAssembly App.Tests/bin/Release/net8.0/WebAssembly.App.Tests.dll" adapterTypeName="executor://xunit/VsTestRunner2/netcoreapp" className="WebAssembly_App.Tests.CommandTests" name="DeleteCommand_ShouldExecuteAndUndo" />
    </UnitTest>
    <UnitTest name="SortCommand: 各排序條件與方向都應正確，且 Undo 可還原(key: Extension, asc: True, expectedOrder: [&quot;a.docx&quot;, &quot;c.png&quot;, &quot;b.txt&quot;])" storage="/home/runner/work/webassembly-app/webassembly-app/webassembly app.tests/bin/release/net8.0/webassembly.app.tests.dll" id="4f511443-2d45-1216-3398-bf084c7894f9">
      <Execution id="206e1fba-8473-4e61-9d87-b54fc9188faa" />
      <TestMethod codeBase="/home/runner/work/WebAssembly-App/WebAssembly-App/WebAssembly App.Tests/bin/Release/net8.0/WebAssembly.App.Tests.dll" adapterTypeName="executor://xunit/VsTestRunner2/netcoreapp" className="WebAssembly_App.Tests.CommandTests" name="SortCommand_ShouldSortAndUndo" />
    </UnitTest>
    <UnitTest name="SortCommand: 各排序條件與方向都應正確，且 Undo 可還原(key: Size, asc: False, expectedOrder: [&quot;b.txt&quot;, &quot;c.png&quot;, &quot;a.docx&quot;])" storage="/home/runner/work/webassembly-app/webassembly-app/webassembly app.tests/bin/release/net8.0/webassembly.app.tests.dll" id="10fa1976-85f7-473d-e3c1-70bc09f4aacd">
      <Execution id="d880ce4f-21ee-4122-9b30-3202f0b80109" />
      <TestMethod codeBase="/home/runner/work/WebAssembly-App/WebAssembly-App/WebAssembly App.Tests/bin/Release/net8.0/WebAssembly.App.Tests.dll" adapterTypeName="executor://xunit/VsTestRunner2/netcoreapp" className="WebAssembly_App.Tests.CommandTests" name="SortCommand_ShouldSortAndUndo" />
    </UnitTest>
    <UnitTest name="Copy/Paste: 深拷貝後修改副本不影響原物件，且可貼上到目標資料夾" storage="/home/runner/work/webassembly-app/webassembly-app/webassembly app.tests/bin/release/net8.0/webassembly.app.tests.dll" id="ca664d6a-a82c-3498-3748-ba315d33c736">
      <Execution id="e007daa4-c64f-48c5-b97a-93562b8506a4" />
      <TestMethod codeBase="/home/runner/work/WebAssembly-App/WebAssembly-App/WebAssembly App.Tests/bin/Release/net8.0/WebAssembly.App.Tests.dll" adapterTypeName="executor://xunit/VsTestRunner2/netcoreapp" className="WebAssembly_App.Tests.CopyTests" name="Clone_AndPaste_ShouldBeDeepCopyAndIndependent" />
    </UnitTest>
    <UnitTest name="Redo: 撤銷後重做應重新套用上一個命令" storage="/home/runner/work/webassembly-app/webassembly-app/webassembly app.tests/bin/release/net8.0/webassembly.app.tests.dll" id="49861855-1e14-aa94-cd07-92ff4314b753">
      <Execution id="2ff022a9-7dec-4115-8efc-545ac82d4da2" />
      <TestMethod codeBase="/home/runner/work/WebAssembly-App/WebAssembly-App/WebAssembly App.Tests/bin/Release/net8.0/WebAssembly.App.Tests.dll" adapterTypeName="executor://xunit/VsTestRunner2/netcoreapp" className="WebAssembly_App.Tests.CommandTests" name="Redo_ShouldReapplyLastUndoneCommand" />
    </UnitTest>
    <UnitTest name="FileSearcher: 搜尋 .docx 應找到 2 筆且保留遍歷順序" storage="/home/runner/work/webassembly-app/webassembly-app/webassembly app.tests/bin/release/net8.0/webassembly.app.tests.dll" id="dad94f22-a745-039e-5a8f-b20f65639e25">
      <Execution id="5847eb23-7c71-4537-a090-8142a8f309d7" />
      <TestMethod codeBase="/home/runner/work/WebAssembly-App/WebAssembly-App/WebAssembly App.Tests/bin/Release/net8.0/WebAssembly.App.Tests.dll" adapterTypeName="executor://xunit/VsTestRunner2/netcoreapp" className="WebAssembly_App.Tests.VisitorsTests" name="FileSearcher_ShouldFindCaseInsensitiveExtension" />
    </UnitTest>
    <UnitTest name="SortCommand: 各排序條件與方向都應正確，且 Undo 可還原(key: Name, asc: False, expectedOrder: [&quot;c.png&quot;, &quot;b.txt&quot;, &quot;a.docx&quot;])" storage="/home/runner/work/webassembly-app/webassembly-app/webassembly app.tests/bin/release/net8.0/webassembly.app.tests.dll" id="525d7db0-126c-31c7-17c6-e536a1e55a73">
      <Execution id="d1860630-dd83-4306-ae50-8a56c70f4f62" />
      <TestMethod codeBase="/home/runner/work/WebAssembly-App/WebAssembly-App/WebAssembly App.Tests/bin/Release/net8.0/WebAssembly.App.Tests.dll" adapterTypeName="executor://xunit/VsTestRunner2/netcoreapp" className="WebAssembly_App.Tests.CommandTests" name="SortCommand_ShouldSortAndUndo" />
    </UnitTest>
  </TestDefinitions>
  <TestEntries>
    <TestEntry testId="ca664d6a-a82c-3498-3748-ba315d33c736" executionId="e007daa4-c64f-48c5-b97a-93562b8506a4" testListId="8c84fa94-04c1-424b-9868-57a2d4851a1d" />
    <TestEntry testId="4f511443-2d45-1216-3398-bf084c7894f9" executionId="206e1fba-8473-4e61-9d87-b54fc9188faa" testListId="8c84fa94-04c1-424b-9868-57a2d4851a1d" />
    <TestEntry testId="34e775c0-e3a1-dfd3-eaf7-d021cdbdd331" executionId="b248ced4-4142-4e5c-b507-6a82ef005a6d" testListId="8c84fa94-04c1-424b-9868-57a2d4851a1d" />
    <TestEntry testId="49861855-1e14-aa94-cd07-92ff4314b753" executionId="2ff022a9-7dec-4115-8efc-545ac82d4da2" testListId="8c84fa94-04c1-424b-9868-57a2d4851a1d" />
    <TestEntry testId="8db53027-0c8c-38f4-d09e-e1905ea9d430" executionId="b8afd73c-4a0b-4480-a3cf-de2dd2857a96" testListId="8c84fa94-04c1-424b-9868-57a2d4851a1d" />
    <TestEntry testId="db1b93af-bb5a-786d-0f01-1b56eac768ff" executionId="101ac160-9c40-42f5-af83-2ba923c740f5" testListId="8c84fa94-04c1-424b-9868-57a2d4851a1d" />
    <TestEntry testId="bc6f98b5-80f5-ba59-7986-5516cb892959" executionId="df4480d4-66e7-4cb0-ac84-6979e2b6ddd1" testListId="8c84fa94-04c1-424b-9868-57a2d4851a1d" />
    <TestEntry testId="44d499f6-db42-7df6-1c07-7dd61e8b738d" executionId="c729edcd-3f3d-4733-9adc-bf000901ddb4" testListId="8c84fa94-04c1-424b-9868-57a2d4851a1d" />
    <TestEntry testId="dad94f22-a745-039e-5a8f-b20f65639e25" executionId="5847eb23-7c71-4537-a090-8142a8f309d7" testListId="8c84fa94-04c1-424b-9868-57a2d4851a1d" />
    <TestEntry testId="525d7db0-126c-31c7-17c6-e536a1e55a73" executionId="d1860630-dd83-4306-ae50-8a56c70f4f62" testListId="8c84fa94-04c1-424b-9868-57a2d4851a1d" />
    <TestEntry testId="10fa1976-85f7-473d-e3c1-70bc09f4aacd" executionId="d880ce4f-21ee-4122-9b30-3202f0b80109" testListId="8c84fa94-04c1-424b-9868-57a2d4851a1d" />
    <TestEntry testId="9b07c2c2-ac51-af37-9324-2fc413a1ec7c" executionId="213c5a2e-6253-423f-b180-0334e2a32814" testListId="8c84fa94-04c1-424b-9868-57a2d4851a1d" />
    <TestEntry testId="8192fb1d-0972-44f4-e907-82be49f66815" executionId="75a11512-698d-4a4a-a07d-b3eaab4c69e4" testListId="8c84fa94-04c1-424b-9868-57a2d4851a1d" />
  </TestEntries>
  <TestLists>
    <TestList name="Results Not in a List" id="8c84fa94-04c1-424b-9868-57a2d4851a1d" />
    <TestList name="All Loaded Results" id="19431567-8539-422a-85d7-44ee4e166bda" />
  </TestLists>
  <ResultSummary outcome="Completed">
    <Counters total="13" executed="13" passed="13" failed="0" error="0" timeout="0" aborted="0" inconclusive="0" passedButRunAborted="0" notRunnable="0" notExecuted="0" disconnected="0" warning="0" completed="0" inProgress="0" pending="0" />
    <Output>
      <StdOut>[xUnit.net 00:00:00.00] xUnit.net VSTest Adapter v2.8.2+699d445a1a (64-bit .NET 8.0.24)
[xUnit.net 00:00:00.15]   Discovering: WebAssembly.App.Tests
[xUnit.net 00:00:00.33]   Discovered:  WebAssembly.App.Tests
[xUnit.net 00:00:00.33]   Starting:    WebAssembly.App.Tests
[xUnit.net 00:00:00.44]   Finished:    WebAssembly.App.Tests
</StdOut>
    </Output>
    <CollectorDataEntries>
      <Collector agentName="runnervm0kj6c" uri="datacollector://microsoft/CoverletCodeCoverage/1.0" collectorDisplayName="XPlat code coverage">
        <UriAttachments>
          <UriAttachment>
            <A href="runnervm0kj6c/coverage.cobertura.xml"></A>
          </UriAttachment>
        </UriAttachments>
      </Collector>
    </CollectorDataEntries>
  </ResultSummary>
</TestRun>